The system is: Linux - 4.0.6-1-ARCH - x86_64
Compiling the C compiler identification source file "CMakeCCompilerId.c" succeeded.
Compiler: /usr/bin/cc 
Build flags: 
Id flags: 

The output was:
0


Compilation of the C compiler identification source "CMakeCCompilerId.c" produced "a.out"

The C compiler identification is GNU, found in "/home/server/librsfs/build/CMakeFiles/3.3.0/CompilerIdC/a.out"

Compiling the CXX compiler identification source file "CMakeCXXCompilerId.cpp" succeeded.
Compiler: /usr/bin/c++ 
Build flags: 
Id flags: 

The output was:
0


Compilation of the CXX compiler identification source "CMakeCXXCompilerId.cpp" produced "a.out"

The CXX compiler identification is GNU, found in "/home/server/librsfs/build/CMakeFiles/3.3.0/CompilerIdCXX/a.out"

Determining if the C compiler works passed with the following output:
Change Dir: /home/server/librsfs/build/CMakeFiles/CMakeTmp

Run Build Command:"/usr/bin/make" "cmTC_5d958/fast"
/usr/bin/make -f CMakeFiles/cmTC_5d958.dir/build.make CMakeFiles/cmTC_5d958.dir/build
make[1]: Entering directory '/home/server/librsfs/build/CMakeFiles/CMakeTmp'
Building C object CMakeFiles/cmTC_5d958.dir/testCCompiler.c.o
/usr/bin/cc    -o CMakeFiles/cmTC_5d958.dir/testCCompiler.c.o   -c /home/server/librsfs/build/CMakeFiles/CMakeTmp/testCCompiler.c
Linking C executable cmTC_5d958
/usr/bin/cmake -E cmake_link_script CMakeFiles/cmTC_5d958.dir/link.txt --verbose=1
/usr/bin/cc       CMakeFiles/cmTC_5d958.dir/testCCompiler.c.o  -o cmTC_5d958 -rdynamic 
make[1]: Leaving directory '/home/server/librsfs/build/CMakeFiles/CMakeTmp'


Detecting C compiler ABI info compiled with the following output:
Change Dir: /home/server/librsfs/build/CMakeFiles/CMakeTmp

Run Build Command:"/usr/bin/make" "cmTC_a1ba2/fast"
/usr/bin/make -f CMakeFiles/cmTC_a1ba2.dir/build.make CMakeFiles/cmTC_a1ba2.dir/build
make[1]: Entering directory '/home/server/librsfs/build/CMakeFiles/CMakeTmp'
Building C object CMakeFiles/cmTC_a1ba2.dir/CMakeCCompilerABI.c.o
/usr/bin/cc    -o CMakeFiles/cmTC_a1ba2.dir/CMakeCCompilerABI.c.o   -c /usr/share/cmake-3.3/Modules/CMakeCCompilerABI.c
Linking C executable cmTC_a1ba2
/usr/bin/cmake -E cmake_link_script CMakeFiles/cmTC_a1ba2.dir/link.txt --verbose=1
/usr/bin/cc      -v CMakeFiles/cmTC_a1ba2.dir/CMakeCCompilerABI.c.o  -o cmTC_a1ba2 -rdynamic  
Using built-in specs.
COLLECT_GCC=/usr/bin/cc
COLLECT_LTO_WRAPPER=/usr/lib/gcc/x86_64-unknown-linux-gnu/5.1.0/lto-wrapper
Target: x86_64-unknown-linux-gnu
Configured with: /build/gcc/src/gcc-5-20150519/configure --prefix=/usr --libdir=/usr/lib --libexecdir=/usr/lib --mandir=/usr/share/man --infodir=/usr/share/info --with-bugurl=https://bugs.archlinux.org/ --enable-languages=c,c++,ada,fortran,go,lto,objc,obj-c++ --enable-shared --enable-threads=posix --enable-libmpx --with-system-zlib --with-isl --enable-__cxa_atexit --disable-libunwind-exceptions --enable-clocale=gnu --disable-libstdcxx-pch --disable-libssp --enable-gnu-unique-object --enable-linker-build-id --enable-lto --enable-plugin --enable-install-libiberty --with-linker-hash-style=gnu --enable-gnu-indirect-function --disable-multilib --disable-werror --enable-checking=release --with-default-libstdcxx-abi=c++98
Thread model: posix
gcc version 5.1.0 (GCC) 
COMPILER_PATH=/usr/lib/gcc/x86_64-unknown-linux-gnu/5.1.0/:/usr/lib/gcc/x86_64-unknown-linux-gnu/5.1.0/:/usr/lib/gcc/x86_64-unknown-linux-gnu/:/usr/lib/gcc/x86_64-unknown-linux-gnu/5.1.0/:/usr/lib/gcc/x86_64-unknown-linux-gnu/
LIBRARY_PATH=/usr/lib/gcc/x86_64-unknown-linux-gnu/5.1.0/:/usr/lib/gcc/x86_64-unknown-linux-gnu/5.1.0/../../../../lib/:/lib/../lib/:/usr/lib/../lib/:/usr/lib/gcc/x86_64-unknown-linux-gnu/5.1.0/../../../:/lib/:/usr/lib/
COLLECT_GCC_OPTIONS='-v' '-o' 'cmTC_a1ba2' '-rdynamic' '-mtune=generic' '-march=x86-64'
 /usr/lib/gcc/x86_64-unknown-linux-gnu/5.1.0/collect2 -plugin /usr/lib/gcc/x86_64-unknown-linux-gnu/5.1.0/liblto_plugin.so -plugin-opt=/usr/lib/gcc/x86_64-unknown-linux-gnu/5.1.0/lto-wrapper -plugin-opt=-fresolution=/tmp/cc51tahO.res -plugin-opt=-pass-through=-lgcc -plugin-opt=-pass-through=-lgcc_s -plugin-opt=-pass-through=-lc -plugin-opt=-pass-through=-lgcc -plugin-opt=-pass-through=-lgcc_s --build-id --eh-frame-hdr --hash-style=gnu -m elf_x86_64 -export-dynamic -dynamic-linker /lib64/ld-linux-x86-64.so.2 -o cmTC_a1ba2 /usr/lib/gcc/x86_64-unknown-linux-gnu/5.1.0/../../../../lib/crt1.o /usr/lib/gcc/x86_64-unknown-linux-gnu/5.1.0/../../../../lib/crti.o /usr/lib/gcc/x86_64-unknown-linux-gnu/5.1.0/crtbegin.o -L/usr/lib/gcc/x86_64-unknown-linux-gnu/5.1.0 -L/usr/lib/gcc/x86_64-unknown-linux-gnu/5.1.0/../../../../lib -L/lib/../lib -L/usr/lib/../lib -L/usr/lib/gcc/x86_64-unknown-linux-gnu/5.1.0/../../.. CMakeFiles/cmTC_a1ba2.dir/CMakeCCompilerABI.c.o -lgcc --as-needed -lgcc_s --no-as-needed -lc -lgcc --as-needed -lgcc_s --no-as-needed /usr/lib/gcc/x86_64-unknown-linux-gnu/5.1.0/crtend.o /usr/lib/gcc/x86_64-unknown-linux-gnu/5.1.0/../../../../lib/crtn.o
make[1]: Leaving directory '/home/server/librsfs/build/CMakeFiles/CMakeTmp'


Parsed C implicit link information from above output:
  link line regex: [^( *|.*[/\])(ld|([^/\]+-)?ld|collect2)[^/\]*( |$)]
  ignore line: [Change Dir: /home/server/librsfs/build/CMakeFiles/CMakeTmp]
  ignore line: []
  ignore line: [Run Build Command:"/usr/bin/make" "cmTC_a1ba2/fast"]
  ignore line: [/usr/bin/make -f CMakeFiles/cmTC_a1ba2.dir/build.make CMakeFiles/cmTC_a1ba2.dir/build]
  ignore line: [make[1]: Entering directory '/home/server/librsfs/build/CMakeFiles/CMakeTmp']
  ignore line: [Building C object CMakeFiles/cmTC_a1ba2.dir/CMakeCCompilerABI.c.o]
  ignore line: [/usr/bin/cc    -o CMakeFiles/cmTC_a1ba2.dir/CMakeCCompilerABI.c.o   -c /usr/share/cmake-3.3/Modules/CMakeCCompilerABI.c]
  ignore line: [Linking C executable cmTC_a1ba2]
  ignore line: [/usr/bin/cmake -E cmake_link_script CMakeFiles/cmTC_a1ba2.dir/link.txt --verbose=1]
  ignore line: [/usr/bin/cc      -v CMakeFiles/cmTC_a1ba2.dir/CMakeCCompilerABI.c.o  -o cmTC_a1ba2 -rdynamic  ]
  ignore line: [Using built-in specs.]
  ignore line: [COLLECT_GCC=/usr/bin/cc]
  ignore line: [COLLECT_LTO_WRAPPER=/usr/lib/gcc/x86_64-unknown-linux-gnu/5.1.0/lto-wrapper]
  ignore line: [Target: x86_64-unknown-linux-gnu]
  ignore line: [Configured with: /build/gcc/src/gcc-5-20150519/configure --prefix=/usr --libdir=/usr/lib --libexecdir=/usr/lib --mandir=/usr/share/man --infodir=/usr/share/info --with-bugurl=https://bugs.archlinux.org/ --enable-languages=c,c++,ada,fortran,go,lto,objc,obj-c++ --enable-shared --enable-threads=posix --enable-libmpx --with-system-zlib --with-isl --enable-__cxa_atexit --disable-libunwind-exceptions --enable-clocale=gnu --disable-libstdcxx-pch --disable-libssp --enable-gnu-unique-object --enable-linker-build-id --enable-lto --enable-plugin --enable-install-libiberty --with-linker-hash-style=gnu --enable-gnu-indirect-function --disable-multilib --disable-werror --enable-checking=release --with-default-libstdcxx-abi=c++98]
  ignore line: [Thread model: posix]
  ignore line: [gcc version 5.1.0 (GCC) ]
  ignore line: [COMPILER_PATH=/usr/lib/gcc/x86_64-unknown-linux-gnu/5.1.0/:/usr/lib/gcc/x86_64-unknown-linux-gnu/5.1.0/:/usr/lib/gcc/x86_64-unknown-linux-gnu/:/usr/lib/gcc/x86_64-unknown-linux-gnu/5.1.0/:/usr/lib/gcc/x86_64-unknown-linux-gnu/]
  ignore line: [LIBRARY_PATH=/usr/lib/gcc/x86_64-unknown-linux-gnu/5.1.0/:/usr/lib/gcc/x86_64-unknown-linux-gnu/5.1.0/../../../../lib/:/lib/../lib/:/usr/lib/../lib/:/usr/lib/gcc/x86_64-unknown-linux-gnu/5.1.0/../../../:/lib/:/usr/lib/]
  ignore line: [COLLECT_GCC_OPTIONS='-v' '-o' 'cmTC_a1ba2' '-rdynamic' '-mtune=generic' '-march=x86-64']
  link line: [ /usr/lib/gcc/x86_64-unknown-linux-gnu/5.1.0/collect2 -plugin /usr/lib/gcc/x86_64-unknown-linux-gnu/5.1.0/liblto_plugin.so -plugin-opt=/usr/lib/gcc/x86_64-unknown-linux-gnu/5.1.0/lto-wrapper -plugin-opt=-fresolution=/tmp/cc51tahO.res -plugin-opt=-pass-through=-lgcc -plugin-opt=-pass-through=-lgcc_s -plugin-opt=-pass-through=-lc -plugin-opt=-pass-through=-lgcc -plugin-opt=-pass-through=-lgcc_s --build-id --eh-frame-hdr --hash-style=gnu -m elf_x86_64 -export-dynamic -dynamic-linker /lib64/ld-linux-x86-64.so.2 -o cmTC_a1ba2 /usr/lib/gcc/x86_64-unknown-linux-gnu/5.1.0/../../../../lib/crt1.o /usr/lib/gcc/x86_64-unknown-linux-gnu/5.1.0/../../../../lib/crti.o /usr/lib/gcc/x86_64-unknown-linux-gnu/5.1.0/crtbegin.o -L/usr/lib/gcc/x86_64-unknown-linux-gnu/5.1.0 -L/usr/lib/gcc/x86_64-unknown-linux-gnu/5.1.0/../../../../lib -L/lib/../lib -L/usr/lib/../lib -L/usr/lib/gcc/x86_64-unknown-linux-gnu/5.1.0/../../.. CMakeFiles/cmTC_a1ba2.dir/CMakeCCompilerABI.c.o -lgcc --as-needed -lgcc_s --no-as-needed -lc -lgcc --as-needed -lgcc_s --no-as-needed /usr/lib/gcc/x86_64-unknown-linux-gnu/5.1.0/crtend.o /usr/lib/gcc/x86_64-unknown-linux-gnu/5.1.0/../../../../lib/crtn.o]
    arg [/usr/lib/gcc/x86_64-unknown-linux-gnu/5.1.0/collect2] ==> ignore
    arg [-plugin] ==> ignore
    arg [/usr/lib/gcc/x86_64-unknown-linux-gnu/5.1.0/liblto_plugin.so] ==> ignore
    arg [-plugin-opt=/usr/lib/gcc/x86_64-unknown-linux-gnu/5.1.0/lto-wrapper] ==> ignore
    arg [-plugin-opt=-fresolution=/tmp/cc51tahO.res] ==> ignore
    arg [-plugin-opt=-pass-through=-lgcc] ==> ignore
    arg [-plugin-opt=-pass-through=-lgcc_s] ==> ignore
    arg [-plugin-opt=-pass-through=-lc] ==> ignore
    arg [-plugin-opt=-pass-through=-lgcc] ==> ignore
    arg [-plugin-opt=-pass-through=-lgcc_s] ==> ignore
    arg [--build-id] ==> ignore
    arg [--eh-frame-hdr] ==> ignore
    arg [--hash-style=gnu] ==> ignore
    arg [-m] ==> ignore
    arg [elf_x86_64] ==> ignore
    arg [-export-dynamic] ==> ignore
    arg [-dynamic-linker] ==> ignore
    arg [/lib64/ld-linux-x86-64.so.2] ==> ignore
    arg [-o] ==> ignore
    arg [cmTC_a1ba2] ==> ignore
    arg [/usr/lib/gcc/x86_64-unknown-linux-gnu/5.1.0/../../../../lib/crt1.o] ==> ignore
    arg [/usr/lib/gcc/x86_64-unknown-linux-gnu/5.1.0/../../../../lib/crti.o] ==> ignore
    arg [/usr/lib/gcc/x86_64-unknown-linux-gnu/5.1.0/crtbegin.o] ==> ignore
    arg [-L/usr/lib/gcc/x86_64-unknown-linux-gnu/5.1.0] ==> dir [/usr/lib/gcc/x86_64-unknown-linux-gnu/5.1.0]
    arg [-L/usr/lib/gcc/x86_64-unknown-linux-gnu/5.1.0/../../../../lib] ==> dir [/usr/lib/gcc/x86_64-unknown-linux-gnu/5.1.0/../../../../lib]
    arg [-L/lib/../lib] ==> dir [/lib/../lib]
    arg [-L/usr/lib/../lib] ==> dir [/usr/lib/../lib]
    arg [-L/usr/lib/gcc/x86_64-unknown-linux-gnu/5.1.0/../../..] ==> dir [/usr/lib/gcc/x86_64-unknown-linux-gnu/5.1.0/../../..]
    arg [CMakeFiles/cmTC_a1ba2.dir/CMakeCCompilerABI.c.o] ==> ignore
    arg [-lgcc] ==> lib [gcc]
    arg [--as-needed] ==> ignore
    arg [-lgcc_s] ==> lib [gcc_s]
    arg [--no-as-needed] ==> ignore
    arg [-lc] ==> lib [c]
    arg [-lgcc] ==> lib [gcc]
    arg [--as-needed] ==> ignore
    arg [-lgcc_s] ==> lib [gcc_s]
    arg [--no-as-needed] ==> ignore
    arg [/usr/lib/gcc/x86_64-unknown-linux-gnu/5.1.0/crtend.o] ==> ignore
    arg [/usr/lib/gcc/x86_64-unknown-linux-gnu/5.1.0/../../../../lib/crtn.o] ==> ignore
  remove lib [gcc]
  remove lib [gcc_s]
  remove lib [gcc]
  remove lib [gcc_s]
  collapse library dir [/usr/lib/gcc/x86_64-unknown-linux-gnu/5.1.0] ==> [/usr/lib/gcc/x86_64-unknown-linux-gnu/5.1.0]
  collapse library dir [/usr/lib/gcc/x86_64-unknown-linux-gnu/5.1.0/../../../../lib] ==> [/usr/lib]
  collapse library dir [/lib/../lib] ==> [/lib]
  collapse library dir [/usr/lib/../lib] ==> [/usr/lib]
  collapse library dir [/usr/lib/gcc/x86_64-unknown-linux-gnu/5.1.0/../../..] ==> [/usr/lib]
  implicit libs: [c]
  implicit dirs: [/usr/lib/gcc/x86_64-unknown-linux-gnu/5.1.0;/usr/lib;/lib]
  implicit fwks: []




Detecting C [-std=c11] compiler features compiled with the following output:
Change Dir: /home/server/librsfs/build/CMakeFiles/CMakeTmp

Run Build Command:"/usr/bin/make" "cmTC_440d0/fast"
/usr/bin/make -f CMakeFiles/cmTC_440d0.dir/build.make CMakeFiles/cmTC_440d0.dir/build
make[1]: Entering directory '/home/server/librsfs/build/CMakeFiles/CMakeTmp'
Building C object CMakeFiles/cmTC_440d0.dir/feature_tests.c.o
/usr/bin/cc   -std=c11 -o CMakeFiles/cmTC_440d0.dir/feature_tests.c.o   -c /home/server/librsfs/build/CMakeFiles/feature_tests.c
Linking C executable cmTC_440d0
/usr/bin/cmake -E cmake_link_script CMakeFiles/cmTC_440d0.dir/link.txt --verbose=1
/usr/bin/cc       CMakeFiles/cmTC_440d0.dir/feature_tests.c.o  -o cmTC_440d0 -rdynamic 
make[1]: Leaving directory '/home/server/librsfs/build/CMakeFiles/CMakeTmp'


    Feature record: C_FEATURE:1c_function_prototypes
    Feature record: C_FEATURE:1c_restrict
    Feature record: C_FEATURE:1c_static_assert
    Feature record: C_FEATURE:1c_variadic_macros


Detecting C [-std=c99] compiler features compiled with the following output:
Change Dir: /home/server/librsfs/build/CMakeFiles/CMakeTmp

Run Build Command:"/usr/bin/make" "cmTC_6b4f6/fast"
/usr/bin/make -f CMakeFiles/cmTC_6b4f6.dir/build.make CMakeFiles/cmTC_6b4f6.dir/build
make[1]: Entering directory '/home/server/librsfs/build/CMakeFiles/CMakeTmp'
Building C object CMakeFiles/cmTC_6b4f6.dir/feature_tests.c.o
/usr/bin/cc   -std=c99 -o CMakeFiles/cmTC_6b4f6.dir/feature_tests.c.o   -c /home/server/librsfs/build/CMakeFiles/feature_tests.c
Linking C executable cmTC_6b4f6
/usr/bin/cmake -E cmake_link_script CMakeFiles/cmTC_6b4f6.dir/link.txt --verbose=1
/usr/bin/cc       CMakeFiles/cmTC_6b4f6.dir/feature_tests.c.o  -o cmTC_6b4f6 -rdynamic 
make[1]: Leaving directory '/home/server/librsfs/build/CMakeFiles/CMakeTmp'


    Feature record: C_FEATURE:1c_function_prototypes
    Feature record: C_FEATURE:1c_restrict
    Feature record: C_FEATURE:0c_static_assert
    Feature record: C_FEATURE:1c_variadic_macros


Detecting C [-std=c90] compiler features compiled with the following output:
Change Dir: /home/server/librsfs/build/CMakeFiles/CMakeTmp

Run Build Command:"/usr/bin/make" "cmTC_42d16/fast"
/usr/bin/make -f CMakeFiles/cmTC_42d16.dir/build.make CMakeFiles/cmTC_42d16.dir/build
make[1]: Entering directory '/home/server/librsfs/build/CMakeFiles/CMakeTmp'
Building C object CMakeFiles/cmTC_42d16.dir/feature_tests.c.o
/usr/bin/cc   -std=c90 -o CMakeFiles/cmTC_42d16.dir/feature_tests.c.o   -c /home/server/librsfs/build/CMakeFiles/feature_tests.c
Linking C executable cmTC_42d16
/usr/bin/cmake -E cmake_link_script CMakeFiles/cmTC_42d16.dir/link.txt --verbose=1
/usr/bin/cc       CMakeFiles/cmTC_42d16.dir/feature_tests.c.o  -o cmTC_42d16 -rdynamic 
make[1]: Leaving directory '/home/server/librsfs/build/CMakeFiles/CMakeTmp'


    Feature record: C_FEATURE:1c_function_prototypes
    Feature record: C_FEATURE:0c_restrict
    Feature record: C_FEATURE:0c_static_assert
    Feature record: C_FEATURE:0c_variadic_macros
Determining if the CXX compiler works passed with the following output:
Change Dir: /home/server/librsfs/build/CMakeFiles/CMakeTmp

Run Build Command:"/usr/bin/make" "cmTC_ae834/fast"
/usr/bin/make -f CMakeFiles/cmTC_ae834.dir/build.make CMakeFiles/cmTC_ae834.dir/build
make[1]: Entering directory '/home/server/librsfs/build/CMakeFiles/CMakeTmp'
Building CXX object CMakeFiles/cmTC_ae834.dir/testCXXCompiler.cxx.o
/usr/bin/c++     -o CMakeFiles/cmTC_ae834.dir/testCXXCompiler.cxx.o -c /home/server/librsfs/build/CMakeFiles/CMakeTmp/testCXXCompiler.cxx
Linking CXX executable cmTC_ae834
/usr/bin/cmake -E cmake_link_script CMakeFiles/cmTC_ae834.dir/link.txt --verbose=1
/usr/bin/c++        CMakeFiles/cmTC_ae834.dir/testCXXCompiler.cxx.o  -o cmTC_ae834 -rdynamic 
make[1]: Leaving directory '/home/server/librsfs/build/CMakeFiles/CMakeTmp'


Detecting CXX compiler ABI info compiled with the following output:
Change Dir: /home/server/librsfs/build/CMakeFiles/CMakeTmp

Run Build Command:"/usr/bin/make" "cmTC_f9337/fast"
/usr/bin/make -f CMakeFiles/cmTC_f9337.dir/build.make CMakeFiles/cmTC_f9337.dir/build
make[1]: Entering directory '/home/server/librsfs/build/CMakeFiles/CMakeTmp'
Building CXX object CMakeFiles/cmTC_f9337.dir/CMakeCXXCompilerABI.cpp.o
/usr/bin/c++     -o CMakeFiles/cmTC_f9337.dir/CMakeCXXCompilerABI.cpp.o -c /usr/share/cmake-3.3/Modules/CMakeCXXCompilerABI.cpp
Linking CXX executable cmTC_f9337
/usr/bin/cmake -E cmake_link_script CMakeFiles/cmTC_f9337.dir/link.txt --verbose=1
/usr/bin/c++       -v CMakeFiles/cmTC_f9337.dir/CMakeCXXCompilerABI.cpp.o  -o cmTC_f9337 -rdynamic  
Using built-in specs.
COLLECT_GCC=/usr/bin/c++
COLLECT_LTO_WRAPPER=/usr/lib/gcc/x86_64-unknown-linux-gnu/5.1.0/lto-wrapper
Target: x86_64-unknown-linux-gnu
Configured with: /build/gcc/src/gcc-5-20150519/configure --prefix=/usr --libdir=/usr/lib --libexecdir=/usr/lib --mandir=/usr/share/man --infodir=/usr/share/info --with-bugurl=https://bugs.archlinux.org/ --enable-languages=c,c++,ada,fortran,go,lto,objc,obj-c++ --enable-shared --enable-threads=posix --enable-libmpx --with-system-zlib --with-isl --enable-__cxa_atexit --disable-libunwind-exceptions --enable-clocale=gnu --disable-libstdcxx-pch --disable-libssp --enable-gnu-unique-object --enable-linker-build-id --enable-lto --enable-plugin --enable-install-libiberty --with-linker-hash-style=gnu --enable-gnu-indirect-function --disable-multilib --disable-werror --enable-checking=release --with-default-libstdcxx-abi=c++98
Thread model: posix
gcc version 5.1.0 (GCC) 
COMPILER_PATH=/usr/lib/gcc/x86_64-unknown-linux-gnu/5.1.0/:/usr/lib/gcc/x86_64-unknown-linux-gnu/5.1.0/:/usr/lib/gcc/x86_64-unknown-linux-gnu/:/usr/lib/gcc/x86_64-unknown-linux-gnu/5.1.0/:/usr/lib/gcc/x86_64-unknown-linux-gnu/
LIBRARY_PATH=/usr/lib/gcc/x86_64-unknown-linux-gnu/5.1.0/:/usr/lib/gcc/x86_64-unknown-linux-gnu/5.1.0/../../../../lib/:/lib/../lib/:/usr/lib/../lib/:/usr/lib/gcc/x86_64-unknown-linux-gnu/5.1.0/../../../:/lib/:/usr/lib/
COLLECT_GCC_OPTIONS='-v' '-o' 'cmTC_f9337' '-rdynamic' '-shared-libgcc' '-mtune=generic' '-march=x86-64'
 /usr/lib/gcc/x86_64-unknown-linux-gnu/5.1.0/collect2 -plugin /usr/lib/gcc/x86_64-unknown-linux-gnu/5.1.0/liblto_plugin.so -plugin-opt=/usr/lib/gcc/x86_64-unknown-linux-gnu/5.1.0/lto-wrapper -plugin-opt=-fresolution=/tmp/cc9bVE0t.res -plugin-opt=-pass-through=-lgcc_s -plugin-opt=-pass-through=-lgcc -plugin-opt=-pass-through=-lc -plugin-opt=-pass-through=-lgcc_s -plugin-opt=-pass-through=-lgcc --build-id --eh-frame-hdr --hash-style=gnu -m elf_x86_64 -export-dynamic -dynamic-linker /lib64/ld-linux-x86-64.so.2 -o cmTC_f9337 /usr/lib/gcc/x86_64-unknown-linux-gnu/5.1.0/../../../../lib/crt1.o /usr/lib/gcc/x86_64-unknown-linux-gnu/5.1.0/../../../../lib/crti.o /usr/lib/gcc/x86_64-unknown-linux-gnu/5.1.0/crtbegin.o -L/usr/lib/gcc/x86_64-unknown-linux-gnu/5.1.0 -L/usr/lib/gcc/x86_64-unknown-linux-gnu/5.1.0/../../../../lib -L/lib/../lib -L/usr/lib/../lib -L/usr/lib/gcc/x86_64-unknown-linux-gnu/5.1.0/../../.. CMakeFiles/cmTC_f9337.dir/CMakeCXXCompilerABI.cpp.o -lstdc++ -lm -lgcc_s -lgcc -lc -lgcc_s -lgcc /usr/lib/gcc/x86_64-unknown-linux-gnu/5.1.0/crtend.o /usr/lib/gcc/x86_64-unknown-linux-gnu/5.1.0/../../../../lib/crtn.o
make[1]: Leaving directory '/home/server/librsfs/build/CMakeFiles/CMakeTmp'


Parsed CXX implicit link information from above output:
  link line regex: [^( *|.*[/\])(ld|([^/\]+-)?ld|collect2)[^/\]*( |$)]
  ignore line: [Change Dir: /home/server/librsfs/build/CMakeFiles/CMakeTmp]
  ignore line: []
  ignore line: [Run Build Command:"/usr/bin/make" "cmTC_f9337/fast"]
  ignore line: [/usr/bin/make -f CMakeFiles/cmTC_f9337.dir/build.make CMakeFiles/cmTC_f9337.dir/build]
  ignore line: [make[1]: Entering directory '/home/server/librsfs/build/CMakeFiles/CMakeTmp']
  ignore line: [Building CXX object CMakeFiles/cmTC_f9337.dir/CMakeCXXCompilerABI.cpp.o]
  ignore line: [/usr/bin/c++     -o CMakeFiles/cmTC_f9337.dir/CMakeCXXCompilerABI.cpp.o -c /usr/share/cmake-3.3/Modules/CMakeCXXCompilerABI.cpp]
  ignore line: [Linking CXX executable cmTC_f9337]
  ignore line: [/usr/bin/cmake -E cmake_link_script CMakeFiles/cmTC_f9337.dir/link.txt --verbose=1]
  ignore line: [/usr/bin/c++       -v CMakeFiles/cmTC_f9337.dir/CMakeCXXCompilerABI.cpp.o  -o cmTC_f9337 -rdynamic  ]
  ignore line: [Using built-in specs.]
  ignore line: [COLLECT_GCC=/usr/bin/c++]
  ignore line: [COLLECT_LTO_WRAPPER=/usr/lib/gcc/x86_64-unknown-linux-gnu/5.1.0/lto-wrapper]
  ignore line: [Target: x86_64-unknown-linux-gnu]
  ignore line: [Configured with: /build/gcc/src/gcc-5-20150519/configure --prefix=/usr --libdir=/usr/lib --libexecdir=/usr/lib --mandir=/usr/share/man --infodir=/usr/share/info --with-bugurl=https://bugs.archlinux.org/ --enable-languages=c,c++,ada,fortran,go,lto,objc,obj-c++ --enable-shared --enable-threads=posix --enable-libmpx --with-system-zlib --with-isl --enable-__cxa_atexit --disable-libunwind-exceptions --enable-clocale=gnu --disable-libstdcxx-pch --disable-libssp --enable-gnu-unique-object --enable-linker-build-id --enable-lto --enable-plugin --enable-install-libiberty --with-linker-hash-style=gnu --enable-gnu-indirect-function --disable-multilib --disable-werror --enable-checking=release --with-default-libstdcxx-abi=c++98]
  ignore line: [Thread model: posix]
  ignore line: [gcc version 5.1.0 (GCC) ]
  ignore line: [COMPILER_PATH=/usr/lib/gcc/x86_64-unknown-linux-gnu/5.1.0/:/usr/lib/gcc/x86_64-unknown-linux-gnu/5.1.0/:/usr/lib/gcc/x86_64-unknown-linux-gnu/:/usr/lib/gcc/x86_64-unknown-linux-gnu/5.1.0/:/usr/lib/gcc/x86_64-unknown-linux-gnu/]
  ignore line: [LIBRARY_PATH=/usr/lib/gcc/x86_64-unknown-linux-gnu/5.1.0/:/usr/lib/gcc/x86_64-unknown-linux-gnu/5.1.0/../../../../lib/:/lib/../lib/:/usr/lib/../lib/:/usr/lib/gcc/x86_64-unknown-linux-gnu/5.1.0/../../../:/lib/:/usr/lib/]
  ignore line: [COLLECT_GCC_OPTIONS='-v' '-o' 'cmTC_f9337' '-rdynamic' '-shared-libgcc' '-mtune=generic' '-march=x86-64']
  link line: [ /usr/lib/gcc/x86_64-unknown-linux-gnu/5.1.0/collect2 -plugin /usr/lib/gcc/x86_64-unknown-linux-gnu/5.1.0/liblto_plugin.so -plugin-opt=/usr/lib/gcc/x86_64-unknown-linux-gnu/5.1.0/lto-wrapper -plugin-opt=-fresolution=/tmp/cc9bVE0t.res -plugin-opt=-pass-through=-lgcc_s -plugin-opt=-pass-through=-lgcc -plugin-opt=-pass-through=-lc -plugin-opt=-pass-through=-lgcc_s -plugin-opt=-pass-through=-lgcc --build-id --eh-frame-hdr --hash-style=gnu -m elf_x86_64 -export-dynamic -dynamic-linker /lib64/ld-linux-x86-64.so.2 -o cmTC_f9337 /usr/lib/gcc/x86_64-unknown-linux-gnu/5.1.0/../../../../lib/crt1.o /usr/lib/gcc/x86_64-unknown-linux-gnu/5.1.0/../../../../lib/crti.o /usr/lib/gcc/x86_64-unknown-linux-gnu/5.1.0/crtbegin.o -L/usr/lib/gcc/x86_64-unknown-linux-gnu/5.1.0 -L/usr/lib/gcc/x86_64-unknown-linux-gnu/5.1.0/../../../../lib -L/lib/../lib -L/usr/lib/../lib -L/usr/lib/gcc/x86_64-unknown-linux-gnu/5.1.0/../../.. CMakeFiles/cmTC_f9337.dir/CMakeCXXCompilerABI.cpp.o -lstdc++ -lm -lgcc_s -lgcc -lc -lgcc_s -lgcc /usr/lib/gcc/x86_64-unknown-linux-gnu/5.1.0/crtend.o /usr/lib/gcc/x86_64-unknown-linux-gnu/5.1.0/../../../../lib/crtn.o]
    arg [/usr/lib/gcc/x86_64-unknown-linux-gnu/5.1.0/collect2] ==> ignore
    arg [-plugin] ==> ignore
    arg [/usr/lib/gcc/x86_64-unknown-linux-gnu/5.1.0/liblto_plugin.so] ==> ignore
    arg [-plugin-opt=/usr/lib/gcc/x86_64-unknown-linux-gnu/5.1.0/lto-wrapper] ==> ignore
    arg [-plugin-opt=-fresolution=/tmp/cc9bVE0t.res] ==> ignore
    arg [-plugin-opt=-pass-through=-lgcc_s] ==> ignore
    arg [-plugin-opt=-pass-through=-lgcc] ==> ignore
    arg [-plugin-opt=-pass-through=-lc] ==> ignore
    arg [-plugin-opt=-pass-through=-lgcc_s] ==> ignore
    arg [-plugin-opt=-pass-through=-lgcc] ==> ignore
    arg [--build-id] ==> ignore
    arg [--eh-frame-hdr] ==> ignore
    arg [--hash-style=gnu] ==> ignore
    arg [-m] ==> ignore
    arg [elf_x86_64] ==> ignore
    arg [-export-dynamic] ==> ignore
    arg [-dynamic-linker] ==> ignore
    arg [/lib64/ld-linux-x86-64.so.2] ==> ignore
    arg [-o] ==> ignore
    arg [cmTC_f9337] ==> ignore
    arg [/usr/lib/gcc/x86_64-unknown-linux-gnu/5.1.0/../../../../lib/crt1.o] ==> ignore
    arg [/usr/lib/gcc/x86_64-unknown-linux-gnu/5.1.0/../../../../lib/crti.o] ==> ignore
    arg [/usr/lib/gcc/x86_64-unknown-linux-gnu/5.1.0/crtbegin.o] ==> ignore
    arg [-L/usr/lib/gcc/x86_64-unknown-linux-gnu/5.1.0] ==> dir [/usr/lib/gcc/x86_64-unknown-linux-gnu/5.1.0]
    arg [-L/usr/lib/gcc/x86_64-unknown-linux-gnu/5.1.0/../../../../lib] ==> dir [/usr/lib/gcc/x86_64-unknown-linux-gnu/5.1.0/../../../../lib]
    arg [-L/lib/../lib] ==> dir [/lib/../lib]
    arg [-L/usr/lib/../lib] ==> dir [/usr/lib/../lib]
    arg [-L/usr/lib/gcc/x86_64-unknown-linux-gnu/5.1.0/../../..] ==> dir [/usr/lib/gcc/x86_64-unknown-linux-gnu/5.1.0/../../..]
    arg [CMakeFiles/cmTC_f9337.dir/CMakeCXXCompilerABI.cpp.o] ==> ignore
    arg [-lstdc++] ==> lib [stdc++]
    arg [-lm] ==> lib [m]
    arg [-lgcc_s] ==> lib [gcc_s]
    arg [-lgcc] ==> lib [gcc]
    arg [-lc] ==> lib [c]
    arg [-lgcc_s] ==> lib [gcc_s]
    arg [-lgcc] ==> lib [gcc]
    arg [/usr/lib/gcc/x86_64-unknown-linux-gnu/5.1.0/crtend.o] ==> ignore
    arg [/usr/lib/gcc/x86_64-unknown-linux-gnu/5.1.0/../../../../lib/crtn.o] ==> ignore
  remove lib [gcc_s]
  remove lib [gcc]
  remove lib [gcc_s]
  remove lib [gcc]
  collapse library dir [/usr/lib/gcc/x86_64-unknown-linux-gnu/5.1.0] ==> [/usr/lib/gcc/x86_64-unknown-linux-gnu/5.1.0]
  collapse library dir [/usr/lib/gcc/x86_64-unknown-linux-gnu/5.1.0/../../../../lib] ==> [/usr/lib]
  collapse library dir [/lib/../lib] ==> [/lib]
  collapse library dir [/usr/lib/../lib] ==> [/usr/lib]
  collapse library dir [/usr/lib/gcc/x86_64-unknown-linux-gnu/5.1.0/../../..] ==> [/usr/lib]
  implicit libs: [stdc++;m;c]
  implicit dirs: [/usr/lib/gcc/x86_64-unknown-linux-gnu/5.1.0;/usr/lib;/lib]
  implicit fwks: []




Detecting CXX [-std=c++14] compiler features compiled with the following output:
Change Dir: /home/server/librsfs/build/CMakeFiles/CMakeTmp

Run Build Command:"/usr/bin/make" "cmTC_fa573/fast"
/usr/bin/make -f CMakeFiles/cmTC_fa573.dir/build.make CMakeFiles/cmTC_fa573.dir/build
make[1]: Entering directory '/home/server/librsfs/build/CMakeFiles/CMakeTmp'
Building CXX object CMakeFiles/cmTC_fa573.dir/feature_tests.cxx.o
/usr/bin/c++    -std=c++14 -o CMakeFiles/cmTC_fa573.dir/feature_tests.cxx.o -c /home/server/librsfs/build/CMakeFiles/feature_tests.cxx
Linking CXX executable cmTC_fa573
/usr/bin/cmake -E cmake_link_script CMakeFiles/cmTC_fa573.dir/link.txt --verbose=1
/usr/bin/c++        CMakeFiles/cmTC_fa573.dir/feature_tests.cxx.o  -o cmTC_fa573 -rdynamic 
make[1]: Leaving directory '/home/server/librsfs/build/CMakeFiles/CMakeTmp'


    Feature record: CXX_FEATURE:1cxx_aggregate_default_initializers
    Feature record: CXX_FEATURE:1cxx_alias_templates
    Feature record: CXX_FEATURE:1cxx_alignas
    Feature record: CXX_FEATURE:1cxx_alignof
    Feature record: CXX_FEATURE:1cxx_attributes
    Feature record: CXX_FEATURE:1cxx_attribute_deprecated
    Feature record: CXX_FEATURE:1cxx_auto_type
    Feature record: CXX_FEATURE:1cxx_binary_literals
    Feature record: CXX_FEATURE:1cxx_constexpr
    Feature record: CXX_FEATURE:1cxx_contextual_conversions
    Feature record: CXX_FEATURE:1cxx_decltype
    Feature record: CXX_FEATURE:1cxx_decltype_auto
    Feature record: CXX_FEATURE:1cxx_decltype_incomplete_return_types
    Feature record: CXX_FEATURE:1cxx_default_function_template_args
    Feature record: CXX_FEATURE:1cxx_defaulted_functions
    Feature record: CXX_FEATURE:1cxx_defaulted_move_initializers
    Feature record: CXX_FEATURE:1cxx_delegating_constructors
    Feature record: CXX_FEATURE:1cxx_deleted_functions
    Feature record: CXX_FEATURE:1cxx_digit_separators
    Feature record: CXX_FEATURE:1cxx_enum_forward_declarations
    Feature record: CXX_FEATURE:1cxx_explicit_conversions
    Feature record: CXX_FEATURE:1cxx_extended_friend_declarations
    Feature record: CXX_FEATURE:1cxx_extern_templates
    Feature record: CXX_FEATURE:1cxx_final
    Feature record: CXX_FEATURE:1cxx_func_identifier
    Feature record: CXX_FEATURE:1cxx_generalized_initializers
    Feature record: CXX_FEATURE:1cxx_generic_lambdas
    Feature record: CXX_FEATURE:1cxx_inheriting_constructors
    Feature record: CXX_FEATURE:1cxx_inline_namespaces
    Feature record: CXX_FEATURE:1cxx_lambdas
    Feature record: CXX_FEATURE:1cxx_lambda_init_captures
    Feature record: CXX_FEATURE:1cxx_local_type_template_args
    Feature record: CXX_FEATURE:1cxx_long_long_type
    Feature record: CXX_FEATURE:1cxx_noexcept
    Feature record: CXX_FEATURE:1cxx_nonstatic_member_init
    Feature record: CXX_FEATURE:1cxx_nullptr
    Feature record: CXX_FEATURE:1cxx_override
    Feature record: CXX_FEATURE:1cxx_range_for
    Feature record: CXX_FEATURE:1cxx_raw_string_literals
    Feature record: CXX_FEATURE:1cxx_reference_qualified_functions
    Feature record: CXX_FEATURE:1cxx_relaxed_constexpr
    Feature record: CXX_FEATURE:1cxx_return_type_deduction
    Feature record: CXX_FEATURE:1cxx_right_angle_brackets
    Feature record: CXX_FEATURE:1cxx_rvalue_references
    Feature record: CXX_FEATURE:1cxx_sizeof_member
    Feature record: CXX_FEATURE:1cxx_static_assert
    Feature record: CXX_FEATURE:1cxx_strong_enums
    Feature record: CXX_FEATURE:1cxx_template_template_parameters
    Feature record: CXX_FEATURE:1cxx_thread_local
    Feature record: CXX_FEATURE:1cxx_trailing_return_types
    Feature record: CXX_FEATURE:1cxx_unicode_literals
    Feature record: CXX_FEATURE:1cxx_uniform_initialization
    Feature record: CXX_FEATURE:1cxx_unrestricted_unions
    Feature record: CXX_FEATURE:1cxx_user_literals
    Feature record: CXX_FEATURE:1cxx_variable_templates
    Feature record: CXX_FEATURE:1cxx_variadic_macros
    Feature record: CXX_FEATURE:1cxx_variadic_templates


Detecting CXX [-std=c++11] compiler features compiled with the following output:
Change Dir: /home/server/librsfs/build/CMakeFiles/CMakeTmp

Run Build Command:"/usr/bin/make" "cmTC_d675a/fast"
/usr/bin/make -f CMakeFiles/cmTC_d675a.dir/build.make CMakeFiles/cmTC_d675a.dir/build
make[1]: Entering directory '/home/server/librsfs/build/CMakeFiles/CMakeTmp'
Building CXX object CMakeFiles/cmTC_d675a.dir/feature_tests.cxx.o
/usr/bin/c++    -std=c++11 -o CMakeFiles/cmTC_d675a.dir/feature_tests.cxx.o -c /home/server/librsfs/build/CMakeFiles/feature_tests.cxx
Linking CXX executable cmTC_d675a
/usr/bin/cmake -E cmake_link_script CMakeFiles/cmTC_d675a.dir/link.txt --verbose=1
/usr/bin/c++        CMakeFiles/cmTC_d675a.dir/feature_tests.cxx.o  -o cmTC_d675a -rdynamic 
make[1]: Leaving directory '/home/server/librsfs/build/CMakeFiles/CMakeTmp'


    Feature record: CXX_FEATURE:0cxx_aggregate_default_initializers
    Feature record: CXX_FEATURE:1cxx_alias_templates
    Feature record: CXX_FEATURE:1cxx_alignas
    Feature record: CXX_FEATURE:1cxx_alignof
    Feature record: CXX_FEATURE:1cxx_attributes
    Feature record: CXX_FEATURE:0cxx_attribute_deprecated
    Feature record: CXX_FEATURE:1cxx_auto_type
    Feature record: CXX_FEATURE:0cxx_binary_literals
    Feature record: CXX_FEATURE:1cxx_constexpr
    Feature record: CXX_FEATURE:0cxx_contextual_conversions
    Feature record: CXX_FEATURE:1cxx_decltype
    Feature record: CXX_FEATURE:0cxx_decltype_auto
    Feature record: CXX_FEATURE:1cxx_decltype_incomplete_return_types
    Feature record: CXX_FEATURE:1cxx_default_function_template_args
    Feature record: CXX_FEATURE:1cxx_defaulted_functions
    Feature record: CXX_FEATURE:1cxx_defaulted_move_initializers
    Feature record: CXX_FEATURE:1cxx_delegating_constructors
    Feature record: CXX_FEATURE:1cxx_deleted_functions
    Feature record: CXX_FEATURE:0cxx_digit_separators
    Feature record: CXX_FEATURE:1cxx_enum_forward_declarations
    Feature record: CXX_FEATURE:1cxx_explicit_conversions
    Feature record: CXX_FEATURE:1cxx_extended_friend_declarations
    Feature record: CXX_FEATURE:1cxx_extern_templates
    Feature record: CXX_FEATURE:1cxx_final
    Feature record: CXX_FEATURE:1cxx_func_identifier
    Feature record: CXX_FEATURE:1cxx_generalized_initializers
    Feature record: CXX_FEATURE:0cxx_generic_lambdas
    Feature record: CXX_FEATURE:1cxx_inheriting_constructors
    Feature record: CXX_FEATURE:1cxx_inline_namespaces
    Feature record: CXX_FEATURE:1cxx_lambdas
    Feature record: CXX_FEATURE:0cxx_lambda_init_captures
    Feature record: CXX_FEATURE:1cxx_local_type_template_args
    Feature record: CXX_FEATURE:1cxx_long_long_type
    Feature record: CXX_FEATURE:1cxx_noexcept
    Feature record: CXX_FEATURE:1cxx_nonstatic_member_init
    Feature record: CXX_FEATURE:1cxx_nullptr
    Feature record: CXX_FEATURE:1cxx_override
    Feature record: CXX_FEATURE:1cxx_range_for
    Feature record: CXX_FEATURE:1cxx_raw_string_literals
    Feature record: CXX_FEATURE:1cxx_reference_qualified_functions
    Feature record: CXX_FEATURE:0cxx_relaxed_constexpr
    Feature record: CXX_FEATURE:0cxx_return_type_deduction
    Feature record: CXX_FEATURE:1cxx_right_angle_brackets
    Feature record: CXX_FEATURE:1cxx_rvalue_references
    Feature record: CXX_FEATURE:1cxx_sizeof_member
    Feature record: CXX_FEATURE:1cxx_static_assert
    Feature record: CXX_FEATURE:1cxx_strong_enums
    Feature record: CXX_FEATURE:1cxx_template_template_parameters
    Feature record: CXX_FEATURE:1cxx_thread_local
    Feature record: CXX_FEATURE:1cxx_trailing_return_types
    Feature record: CXX_FEATURE:1cxx_unicode_literals
    Feature record: CXX_FEATURE:1cxx_uniform_initialization
    Feature record: CXX_FEATURE:1cxx_unrestricted_unions
    Feature record: CXX_FEATURE:1cxx_user_literals
    Feature record: CXX_FEATURE:0cxx_variable_templates
    Feature record: CXX_FEATURE:1cxx_variadic_macros
    Feature record: CXX_FEATURE:1cxx_variadic_templates


Detecting CXX [-std=c++98] compiler features compiled with the following output:
Change Dir: /home/server/librsfs/build/CMakeFiles/CMakeTmp

Run Build Command:"/usr/bin/make" "cmTC_c0f53/fast"
/usr/bin/make -f CMakeFiles/cmTC_c0f53.dir/build.make CMakeFiles/cmTC_c0f53.dir/build
make[1]: Entering directory '/home/server/librsfs/build/CMakeFiles/CMakeTmp'
Building CXX object CMakeFiles/cmTC_c0f53.dir/feature_tests.cxx.o
/usr/bin/c++    -std=c++98 -o CMakeFiles/cmTC_c0f53.dir/feature_tests.cxx.o -c /home/server/librsfs/build/CMakeFiles/feature_tests.cxx
Linking CXX executable cmTC_c0f53
/usr/bin/cmake -E cmake_link_script CMakeFiles/cmTC_c0f53.dir/link.txt --verbose=1
/usr/bin/c++        CMakeFiles/cmTC_c0f53.dir/feature_tests.cxx.o  -o cmTC_c0f53 -rdynamic 
make[1]: Leaving directory '/home/server/librsfs/build/CMakeFiles/CMakeTmp'


    Feature record: CXX_FEATURE:0cxx_aggregate_default_initializers
    Feature record: CXX_FEATURE:0cxx_alias_templates
    Feature record: CXX_FEATURE:0cxx_alignas
    Feature record: CXX_FEATURE:0cxx_alignof
    Feature record: CXX_FEATURE:0cxx_attributes
    Feature record: CXX_FEATURE:0cxx_attribute_deprecated
    Feature record: CXX_FEATURE:0cxx_auto_type
    Feature record: CXX_FEATURE:0cxx_binary_literals
    Feature record: CXX_FEATURE:0cxx_constexpr
    Feature record: CXX_FEATURE:0cxx_contextual_conversions
    Feature record: CXX_FEATURE:0cxx_decltype
    Feature record: CXX_FEATURE:0cxx_decltype_auto
    Feature record: CXX_FEATURE:0cxx_decltype_incomplete_return_types
    Feature record: CXX_FEATURE:0cxx_default_function_template_args
    Feature record: CXX_FEATURE:0cxx_defaulted_functions
    Feature record: CXX_FEATURE:0cxx_defaulted_move_initializers
    Feature record: CXX_FEATURE:0cxx_delegating_constructors
    Feature record: CXX_FEATURE:0cxx_deleted_functions
    Feature record: CXX_FEATURE:0cxx_digit_separators
    Feature record: CXX_FEATURE:0cxx_enum_forward_declarations
    Feature record: CXX_FEATURE:0cxx_explicit_conversions
    Feature record: CXX_FEATURE:0cxx_extended_friend_declarations
    Feature record: CXX_FEATURE:0cxx_extern_templates
    Feature record: CXX_FEATURE:0cxx_final
    Feature record: CXX_FEATURE:0cxx_func_identifier
    Feature record: CXX_FEATURE:0cxx_generalized_initializers
    Feature record: CXX_FEATURE:0cxx_generic_lambdas
    Feature record: CXX_FEATURE:0cxx_inheriting_constructors
    Feature record: CXX_FEATURE:0cxx_inline_namespaces
    Feature record: CXX_FEATURE:0cxx_lambdas
    Feature record: CXX_FEATURE:0cxx_lambda_init_captures
    Feature record: CXX_FEATURE:0cxx_local_type_template_args
    Feature record: CXX_FEATURE:0cxx_long_long_type
    Feature record: CXX_FEATURE:0cxx_noexcept
    Feature record: CXX_FEATURE:0cxx_nonstatic_member_init
    Feature record: CXX_FEATURE:0cxx_nullptr
    Feature record: CXX_FEATURE:0cxx_override
    Feature record: CXX_FEATURE:0cxx_range_for
    Feature record: CXX_FEATURE:0cxx_raw_string_literals
    Feature record: CXX_FEATURE:0cxx_reference_qualified_functions
    Feature record: CXX_FEATURE:0cxx_relaxed_constexpr
    Feature record: CXX_FEATURE:0cxx_return_type_deduction
    Feature record: CXX_FEATURE:0cxx_right_angle_brackets
    Feature record: CXX_FEATURE:0cxx_rvalue_references
    Feature record: CXX_FEATURE:0cxx_sizeof_member
    Feature record: CXX_FEATURE:0cxx_static_assert
    Feature record: CXX_FEATURE:0cxx_strong_enums
    Feature record: CXX_FEATURE:1cxx_template_template_parameters
    Feature record: CXX_FEATURE:0cxx_thread_local
    Feature record: CXX_FEATURE:0cxx_trailing_return_types
    Feature record: CXX_FEATURE:0cxx_unicode_literals
    Feature record: CXX_FEATURE:0cxx_uniform_initialization
    Feature record: CXX_FEATURE:0cxx_unrestricted_unions
    Feature record: CXX_FEATURE:0cxx_user_literals
    Feature record: CXX_FEATURE:0cxx_variable_templates
    Feature record: CXX_FEATURE:0cxx_variadic_macros
    Feature record: CXX_FEATURE:0cxx_variadic_templates
Determining if the function BZ2_bzCompressInit exists in the /usr/lib64/libbz2.so passed with the following output:
Change Dir: /home/server/librsfs/build/CMakeFiles/CMakeTmp

Run Build Command:"/usr/bin/make" "cmTC_f5bf7/fast"
/usr/bin/make -f CMakeFiles/cmTC_f5bf7.dir/build.make CMakeFiles/cmTC_f5bf7.dir/build
make[1]: Entering directory '/home/server/librsfs/build/CMakeFiles/CMakeTmp'
Building C object CMakeFiles/cmTC_f5bf7.dir/CheckFunctionExists.c.o
/usr/bin/cc   -DCHECK_FUNCTION_EXISTS=BZ2_bzCompressInit   -o CMakeFiles/cmTC_f5bf7.dir/CheckFunctionExists.c.o   -c /usr/share/cmake-3.3/Modules/CheckFunctionExists.c
Linking C executable cmTC_f5bf7
/usr/bin/cmake -E cmake_link_script CMakeFiles/cmTC_f5bf7.dir/link.txt --verbose=1
/usr/bin/cc   -DCHECK_FUNCTION_EXISTS=BZ2_bzCompressInit    CMakeFiles/cmTC_f5bf7.dir/CheckFunctionExists.c.o  -o cmTC_f5bf7 -rdynamic /usr/lib64/libbz2.so 
make[1]: Leaving directory '/home/server/librsfs/build/CMakeFiles/CMakeTmp'


Performing C++ SOURCE FILE Test COMPILER_HAS_HIDDEN_VISIBILITY succeded with the following output:
Change Dir: /home/server/librsfs/build/CMakeFiles/CMakeTmp

Run Build Command:"/usr/bin/make" "cmTC_fe86e/fast"
/usr/bin/make -f CMakeFiles/cmTC_fe86e.dir/build.make CMakeFiles/cmTC_fe86e.dir/build
make[1]: Entering directory '/home/server/librsfs/build/CMakeFiles/CMakeTmp'
Building CXX object CMakeFiles/cmTC_fe86e.dir/src.cxx.o
/usr/bin/c++    -O2 -std=c++11 -static-libgcc -static-libstdc++ -DCOMPILER_HAS_HIDDEN_VISIBILITY   -fvisibility=hidden -o CMakeFiles/cmTC_fe86e.dir/src.cxx.o -c /home/server/librsfs/build/CMakeFiles/CMakeTmp/src.cxx
Linking CXX executable cmTC_fe86e
/usr/bin/cmake -E cmake_link_script CMakeFiles/cmTC_fe86e.dir/link.txt --verbose=1
/usr/bin/c++    -O2 -std=c++11 -static-libgcc -static-libstdc++ -DCOMPILER_HAS_HIDDEN_VISIBILITY    CMakeFiles/cmTC_fe86e.dir/src.cxx.o  -o cmTC_fe86e -rdynamic 
make[1]: Leaving directory '/home/server/librsfs/build/CMakeFiles/CMakeTmp'

Source file was:
int main() { return 0; }
Performing C++ SOURCE FILE Test COMPILER_HAS_HIDDEN_INLINE_VISIBILITY succeded with the following output:
Change Dir: /home/server/librsfs/build/CMakeFiles/CMakeTmp

Run Build Command:"/usr/bin/make" "cmTC_bfa9a/fast"
/usr/bin/make -f CMakeFiles/cmTC_bfa9a.dir/build.make CMakeFiles/cmTC_bfa9a.dir/build
make[1]: Entering directory '/home/server/librsfs/build/CMakeFiles/CMakeTmp'
Building CXX object CMakeFiles/cmTC_bfa9a.dir/src.cxx.o
/usr/bin/c++    -O2 -std=c++11 -static-libgcc -static-libstdc++ -DCOMPILER_HAS_HIDDEN_INLINE_VISIBILITY   -fvisibility-inlines-hidden -o CMakeFiles/cmTC_bfa9a.dir/src.cxx.o -c /home/server/librsfs/build/CMakeFiles/CMakeTmp/src.cxx
Linking CXX executable cmTC_bfa9a
/usr/bin/cmake -E cmake_link_script CMakeFiles/cmTC_bfa9a.dir/link.txt --verbose=1
/usr/bin/c++    -O2 -std=c++11 -static-libgcc -static-libstdc++ -DCOMPILER_HAS_HIDDEN_INLINE_VISIBILITY    CMakeFiles/cmTC_bfa9a.dir/src.cxx.o  -o cmTC_bfa9a -rdynamic 
make[1]: Leaving directory '/home/server/librsfs/build/CMakeFiles/CMakeTmp'

Source file was:
int main() { return 0; }
Performing C++ SOURCE FILE Test COMPILER_HAS_DEPRECATED_ATTR succeded with the following output:
Change Dir: /home/server/librsfs/build/CMakeFiles/CMakeTmp

Run Build Command:"/usr/bin/make" "cmTC_f68d0/fast"
/usr/bin/make -f CMakeFiles/cmTC_f68d0.dir/build.make CMakeFiles/cmTC_f68d0.dir/build
make[1]: Entering directory '/home/server/librsfs/build/CMakeFiles/CMakeTmp'
Building CXX object CMakeFiles/cmTC_f68d0.dir/src.cxx.o
/usr/bin/c++    -O2 -std=c++11 -static-libgcc -static-libstdc++ -DCOMPILER_HAS_DEPRECATED_ATTR   -o CMakeFiles/cmTC_f68d0.dir/src.cxx.o -c /home/server/librsfs/build/CMakeFiles/CMakeTmp/src.cxx
/home/server/librsfs/build/CMakeFiles/CMakeTmp/src.cxx: In function 'int main()':
/home/server/librsfs/build/CMakeFiles/CMakeTmp/src.cxx:2:25: warning: 'int somefunc()' is deprecated [-Wdeprecated-declarations]
     int main() { return somefunc();}
                         ^
/home/server/librsfs/build/CMakeFiles/CMakeTmp/src.cxx:1:37: note: declared here
 __attribute__((__deprecated__)) int somefunc() { return 0; }
                                     ^
/home/server/librsfs/build/CMakeFiles/CMakeTmp/src.cxx:2:25: warning: 'int somefunc()' is deprecated [-Wdeprecated-declarations]
     int main() { return somefunc();}
                         ^
/home/server/librsfs/build/CMakeFiles/CMakeTmp/src.cxx:1:37: note: declared here
 __attribute__((__deprecated__)) int somefunc() { return 0; }
                                     ^
/home/server/librsfs/build/CMakeFiles/CMakeTmp/src.cxx:2:34: warning: 'int somefunc()' is deprecated [-Wdeprecated-declarations]
     int main() { return somefunc();}
                                  ^
/home/server/librsfs/build/CMakeFiles/CMakeTmp/src.cxx:1:37: note: declared here
 __attribute__((__deprecated__)) int somefunc() { return 0; }
                                     ^
Linking CXX executable cmTC_f68d0
/usr/bin/cmake -E cmake_link_script CMakeFiles/cmTC_f68d0.dir/link.txt --verbose=1
/usr/bin/c++    -O2 -std=c++11 -static-libgcc -static-libstdc++ -DCOMPILER_HAS_DEPRECATED_ATTR    CMakeFiles/cmTC_f68d0.dir/src.cxx.o  -o cmTC_f68d0 -rdynamic 
make[1]: Leaving directory '/home/server/librsfs/build/CMakeFiles/CMakeTmp'

Source file was:
__attribute__((__deprecated__)) int somefunc() { return 0; }
    int main() { return somefunc();}
Determining if the function lzma_auto_decoder exists in the /usr/lib64/liblzma.so passed with the following output:
Change Dir: /home/server/librsfs/build/CMakeFiles/CMakeTmp

Run Build Command:"/usr/bin/make" "cmTC_5e344/fast"
/usr/bin/make -f CMakeFiles/cmTC_5e344.dir/build.make CMakeFiles/cmTC_5e344.dir/build
make[1]: Entering directory '/home/server/librsfs/build/CMakeFiles/CMakeTmp'
Building C object CMakeFiles/cmTC_5e344.dir/CheckFunctionExists.c.o
/usr/bin/cc   -DCHECK_FUNCTION_EXISTS=lzma_auto_decoder   -o CMakeFiles/cmTC_5e344.dir/CheckFunctionExists.c.o   -c /usr/share/cmake-3.3/Modules/CheckFunctionExists.c
Linking C executable cmTC_5e344
/usr/bin/cmake -E cmake_link_script CMakeFiles/cmTC_5e344.dir/link.txt --verbose=1
/usr/bin/cc   -DCHECK_FUNCTION_EXISTS=lzma_auto_decoder    CMakeFiles/cmTC_5e344.dir/CheckFunctionExists.c.o  -o cmTC_5e344 -rdynamic /usr/lib64/liblzma.so 
make[1]: Leaving directory '/home/server/librsfs/build/CMakeFiles/CMakeTmp'


Determining if the function lzma_easy_encoder exists in the /usr/lib64/liblzma.so passed with the following output:
Change Dir: /home/server/librsfs/build/CMakeFiles/CMakeTmp

Run Build Command:"/usr/bin/make" "cmTC_9ca0a/fast"
/usr/bin/make -f CMakeFiles/cmTC_9ca0a.dir/build.make CMakeFiles/cmTC_9ca0a.dir/build
make[1]: Entering directory '/home/server/librsfs/build/CMakeFiles/CMakeTmp'
Building C object CMakeFiles/cmTC_9ca0a.dir/CheckFunctionExists.c.o
/usr/bin/cc   -DCHECK_FUNCTION_EXISTS=lzma_easy_encoder   -o CMakeFiles/cmTC_9ca0a.dir/CheckFunctionExists.c.o   -c /usr/share/cmake-3.3/Modules/CheckFunctionExists.c
Linking C executable cmTC_9ca0a
/usr/bin/cmake -E cmake_link_script CMakeFiles/cmTC_9ca0a.dir/link.txt --verbose=1
/usr/bin/cc   -DCHECK_FUNCTION_EXISTS=lzma_easy_encoder    CMakeFiles/cmTC_9ca0a.dir/CheckFunctionExists.c.o  -o cmTC_9ca0a -rdynamic /usr/lib64/liblzma.so 
make[1]: Leaving directory '/home/server/librsfs/build/CMakeFiles/CMakeTmp'


Determining if the function lzma_lzma_preset exists in the /usr/lib64/liblzma.so passed with the following output:
Change Dir: /home/server/librsfs/build/CMakeFiles/CMakeTmp

Run Build Command:"/usr/bin/make" "cmTC_e1f02/fast"
/usr/bin/make -f CMakeFiles/cmTC_e1f02.dir/build.make CMakeFiles/cmTC_e1f02.dir/build
make[1]: Entering directory '/home/server/librsfs/build/CMakeFiles/CMakeTmp'
Building C object CMakeFiles/cmTC_e1f02.dir/CheckFunctionExists.c.o
/usr/bin/cc   -DCHECK_FUNCTION_EXISTS=lzma_lzma_preset   -o CMakeFiles/cmTC_e1f02.dir/CheckFunctionExists.c.o   -c /usr/share/cmake-3.3/Modules/CheckFunctionExists.c
Linking C executable cmTC_e1f02
/usr/bin/cmake -E cmake_link_script CMakeFiles/cmTC_e1f02.dir/link.txt --verbose=1
/usr/bin/cc   -DCHECK_FUNCTION_EXISTS=lzma_lzma_preset    CMakeFiles/cmTC_e1f02.dir/CheckFunctionExists.c.o  -o cmTC_e1f02 -rdynamic /usr/lib64/liblzma.so 
make[1]: Leaving directory '/home/server/librsfs/build/CMakeFiles/CMakeTmp'


